Build started 28/10/2014 00:05:38.
     1>Project "E:\Documents\GitHub\GP2Labs-GMCPHA200\GP2Labs-GMCPHA200\GP2Labs-GMCPHA200\GP2Labs-GMCPHA200.vcxproj" on node 2 (Build target(s)).
     1>ClCompile:
         E:\Program Files\Microsoft Visual Studio 12.0\VC\bin\CL.exe /c /I"C:\Specialised Applications\SDL2_image-2.0.0\include" /I"C:\Specialised Applications\glm" /I"C:\Specialised Applications\glew-1.11.0\include" /I"C:\Specialised Applications\SDL2\include" /ZI /nologo /W3 /WX- /Od /Oy- /D WIN32 /D _DEBUG /D _CONSOLE /D _LIB /D _UNICODE /D UNICODE /Gm /EHsc /RTC1 /MDd /GS /fp:precise /Zc:wchar_t /Zc:forScope /Fo"Debug\\" /Fd"Debug\vc120.pdb" /Gd /TP /analyze- /errorReport:prompt Texture.cpp
         Texture.cpp
     1>e:\documents\github\gp2labs-gmcpha200\gp2labs-gmcpha200\gp2labs-gmcpha200\texture.cpp(26): error C2146: syntax error : missing ')' before identifier '­'
     1>e:\documents\github\gp2labs-gmcpha200\gp2labs-gmcpha200\gp2labs-gmcpha200\texture.cpp(26): error C2065: '­' : undeclared identifier
     1>e:\documents\github\gp2labs-gmcpha200\gp2labs-gmcpha200\gp2labs-gmcpha200\texture.cpp(26): error C2059: syntax error : ')'
     1>e:\documents\github\gp2labs-gmcpha200\gp2labs-gmcpha200\gp2labs-gmcpha200\texture.cpp(27): error C2146: syntax error : missing ';' before identifier 'textureFormat'
     1>e:\documents\github\gp2labs-gmcpha200\gp2labs-gmcpha200\gp2labs-gmcpha200\texture.cpp(28): error C2181: illegal else without matching if
     1>Done Building Project "E:\Documents\GitHub\GP2Labs-GMCPHA200\GP2Labs-GMCPHA200\GP2Labs-GMCPHA200\GP2Labs-GMCPHA200.vcxproj" (Build target(s)) -- FAILED.

Build FAILED.

Time Elapsed 00:00:00.44
